Exporter version: 6.4.5, Blender version: 2.90.1
========= Conversion from Blender to Babylon.js =========
	Scene settings used :
		Inline textures     :  false
		Material Type       :  PBR
		Positions Precision :  4
		Normals Precision   :  3
		UVs Precision       :  3
		Vert Color Precision:  3
		Mat Weight Precision:  2
		Keep Z-up r-handed  :  no
		Texture directory   :  C:\Users\svent\Documents\sven-frankson\marble-fall\meshes\
	Python World class constructor completed
	WARNING: No active camera has been assigned, or is not in a currently selected Blender layer
	processing begun of mesh:  0-paint-support
		processing begun of material:  Material.003
		num positions      :  48
		num normals        :  48
		num tangents       :  0
		num uvs            :  96
		num uvs2           :  0
		num colors         :  0
		num triangles      :  20
	processing begun of mesh:  1-steel
		processing begun of material:  Material.001
		processing begun of material:  Material.002
		processing begun of multimaterial:  paint_support.Multimaterial#0
		num positions      :  206
		num normals        :  206
		num tangents       :  0
		num uvs            :  412
		num uvs2           :  0
		num colors         :  0
		num triangles      :  100
	processing begun of mesh:  2-paint-lighted-support
		processing begun of material:  Material.003
		registered as also a user of material:  Material.003
		num positions      :  4
		num normals        :  4
		num tangents       :  0
		num uvs            :  8
		num uvs2           :  0
		num colors         :  0
		num triangles      :  2
========= Writing of JSON file started =========
	writing mesh:  0-paint-support
	writing mesh:  1-steel
	writing mesh:  2-paint-lighted-support
========= Writing of JSON file completed =========
========= end of processing =========
elapsed time:  0 min, 0.0968 secs
