Exporter version: 6.4.5, Blender version: 2.90.1
========= Conversion from Blender to Babylon.js =========
	Scene settings used :
		Inline textures     :  false
		Material Type       :  PBR
		Positions Precision :  4
		Normals Precision   :  3
		UVs Precision       :  3
		Vert Color Precision:  3
		Mat Weight Precision:  2
		Keep Z-up r-handed  :  no
		Texture directory   :  C:\Users\svent\Documents\sven-frankson\marble-run-simulator-core\datas\meshes\
	Python World class constructor completed
	WARNING: No active camera has been assigned, or is not in a currently selected Blender layer
	processing begun of mesh:  0-base
		processing begun of material:  Material.001
		num positions      :  525
		num normals        :  525
		num tangents       :  0
		num uvs            :  1050
		num uvs2           :  0
		num colors         :  0
		num triangles      :  542
	processing begun of mesh:  1-plane
		WARNING: No materials have been assigned: 
		num positions      :  53
		num normals        :  53
		num tangents       :  0
		num uvs            :  106
		num uvs2           :  0
		num colors         :  0
		num triangles      :  54
========= Writing of JSON file started =========
	writing mesh:  0-base
	writing mesh:  1-plane
========= Writing of JSON file completed =========
========= end of processing =========
elapsed time:  0 min, 0.0385 secs
