Exporter version: 6.4.5, Blender version: 2.90.1
========= Conversion from Blender to Babylon.js =========
	Scene settings used :
		Inline textures     :  false
		Material Type       :  PBR
		Positions Precision :  4
		Normals Precision   :  3
		UVs Precision       :  3
		Vert Color Precision:  3
		Mat Weight Precision:  2
		Keep Z-up r-handed  :  no
		Texture directory   :  C:\Users\svent\Documents\sven-frankson\marble-fall\meshes\
	Python World class constructor completed
	WARNING: No active camera has been assigned, or is not in a currently selected Blender layer
	processing begun of mesh:  0-base
		processing begun of material:  Material
		processing begun of material:  Material.001
		processing begun of multimaterial:  museum_stand_decoy.Multimaterial#0
		num positions      :  185
		num normals        :  185
		num tangents       :  0
		num uvs            :  370
		num uvs2           :  0
		num colors         :  0
		num triangles      :  210
	processing begun of mesh:  1-sculpt
		WARNING: No materials have been assigned: 
		num positions      :  635
		num normals        :  635
		num tangents       :  0
		num uvs            :  1270
		num uvs2           :  0
		num colors         :  0
		num triangles      :  968
========= Writing of JSON file started =========
	writing mesh:  0-base
	writing mesh:  1-sculpt
========= Writing of JSON file completed =========
========= end of processing =========
elapsed time:  0 min, 0.0583 secs
